Copyright 1986-2022 Xilinx, Inc. All Rights Reserved. Copyright 2022-2023 Advanced Micro Devices, Inc. All Rights Reserved.
---------------------------------------------------------------------------------------------------------------------------------------------------------------------------------------------------------------------------------------
| Tool Version : Vivado v.2023.1 (win64) Build 3865809 Sun May  7 15:05:29 MDT 2023
| Date         : Wed May 13 14:16:05 2026
| Host         : LAPTOP-8QC78VQI running 64-bit major release  (build 9200)
| Command      : report_timing_summary -max_paths 10 -report_unconstrained -file MusicPLayerTop_timing_summary_routed.rpt -pb MusicPLayerTop_timing_summary_routed.pb -rpx MusicPLayerTop_timing_summary_routed.rpx -warn_on_violation
| Design       : MusicPLayerTop
| Device       : 7a200t-fbg484
| Speed File   : -1  PRODUCTION 1.23 2018-06-13
| Design State : Routed
---------------------------------------------------------------------------------------------------------------------------------------------------------------------------------------------------------------------------------------

Timing Summary Report

------------------------------------------------------------------------------------------------
| Timer Settings
| --------------
------------------------------------------------------------------------------------------------

  Enable Multi Corner Analysis               :  Yes
  Enable Pessimism Removal                   :  Yes
  Pessimism Removal Resolution               :  Nearest Common Node
  Enable Input Delay Default Clock           :  No
  Enable Preset / Clear Arcs                 :  No
  Disable Flight Delays                      :  No
  Ignore I/O Paths                           :  No
  Timing Early Launch at Borrowing Latches   :  No
  Borrow Time for Max Delay Exceptions       :  Yes
  Merge Timing Exceptions                    :  Yes

  Corner  Analyze    Analyze    
  Name    Max Paths  Min Paths  
  ------  ---------  ---------  
  Slow    Yes        Yes        
  Fast    Yes        Yes        


------------------------------------------------------------------------------------------------
| Report Methodology
| ------------------
------------------------------------------------------------------------------------------------

Rule       Severity          Description                                             Violations  
---------  ----------------  ------------------------------------------------------  ----------  
TIMING-17  Critical Warning  Non-clocked sequential cell                             182         
XDCC-1     Warning           Scoped Clock constraint overwritten with the same name  1           

Note: This report is based on the most recent report_methodology run and may not be up-to-date. Run report_methodology on the current design for the latest report.



check_timing report

Table of Contents
-----------------
1. checking no_clock (182)
2. checking constant_clock (0)
3. checking pulse_width_clock (0)
4. checking unconstrained_internal_endpoints (397)
5. checking no_input_delay (5)
6. checking no_output_delay (8)
7. checking multiple_clock (0)
8. checking generated_clocks (0)
9. checking loops (0)
10. checking partial_input_delay (0)
11. checking partial_output_delay (0)
12. checking latch_loops (0)

1. checking no_clock (182)
--------------------------
 There are 141 register/latch pins with no clock driven by root clock pin: clk (HIGH)

 There are 17 register/latch pins with no clock driven by root clock pin: AudioInterface_inst/IIS_inst/q_reg[1]/Q (HIGH)

 There are 24 register/latch pins with no clock driven by root clock pin: AudioInterface_inst/IIS_inst/q_reg[7]/Q (HIGH)


2. checking constant_clock (0)
------------------------------
 There are 0 register/latch pins with constant_clock.


3. checking pulse_width_clock (0)
---------------------------------
 There are 0 register/latch pins which need pulse_width check


4. checking unconstrained_internal_endpoints (397)
--------------------------------------------------
 There are 397 pins that are not constrained for maximum delay. (HIGH)

 There are 0 pins that are not constrained for maximum delay due to constant clock.


5. checking no_input_delay (5)
------------------------------
 There are 5 input ports with no input delay specified. (HIGH)

 There are 0 input ports with no input delay but user has a false path constraint.


6. checking no_output_delay (8)
-------------------------------
 There are 8 ports with no output delay specified. (HIGH)

 There are 0 ports with no output delay but user has a false path constraint

 There are 0 ports with no output delay but with a timing clock defined on it or propagating through it


7. checking multiple_clock (0)
------------------------------
 There are 0 register/latch pins with multiple clocks.


8. checking generated_clocks (0)
--------------------------------
 There are 0 generated clocks that are not connected to a clock source.


9. checking loops (0)
---------------------
 There are 0 combinational loops in the design.


10. checking partial_input_delay (0)
------------------------------------
 There are 0 input ports with partial input delay specified.


11. checking partial_output_delay (0)
-------------------------------------
 There are 0 ports with partial output delay specified.


12. checking latch_loops (0)
----------------------------
 There are 0 combinational latch loops in the design through latch input



------------------------------------------------------------------------------------------------
| Design Timing Summary
| ---------------------
------------------------------------------------------------------------------------------------

    WNS(ns)      TNS(ns)  TNS Failing Endpoints  TNS Total Endpoints      WHS(ns)      THS(ns)  THS Failing Endpoints  THS Total Endpoints     WPWS(ns)     TPWS(ns)  TPWS Failing Endpoints  TPWS Total Endpoints  
    -------      -------  ---------------------  -------------------      -------      -------  ---------------------  -------------------     --------     --------  ----------------------  --------------------  
        inf        0.000                      0                  407          inf        0.000                      0                  407           NA           NA                      NA                    NA  


All user specified timing constraints are met.


------------------------------------------------------------------------------------------------
| Clock Summary
| -------------
------------------------------------------------------------------------------------------------

Clock  Waveform(ns)       Period(ns)      Frequency(MHz)
-----  ------------       ----------      --------------
clk    {0.000 5.000}      10.000          100.000         


------------------------------------------------------------------------------------------------
| Intra Clock Table
| -----------------
------------------------------------------------------------------------------------------------

Clock             WNS(ns)      TNS(ns)  TNS Failing Endpoints  TNS Total Endpoints      WHS(ns)      THS(ns)  THS Failing Endpoints  THS Total Endpoints     WPWS(ns)     TPWS(ns)  TPWS Failing Endpoints  TPWS Total Endpoints  
-----             -------      -------  ---------------------  -------------------      -------      -------  ---------------------  -------------------     --------     --------  ----------------------  --------------------  


------------------------------------------------------------------------------------------------
| Inter Clock Table
| -----------------
------------------------------------------------------------------------------------------------

From Clock    To Clock          WNS(ns)      TNS(ns)  TNS Failing Endpoints  TNS Total Endpoints      WHS(ns)      THS(ns)  THS Failing Endpoints  THS Total Endpoints  
----------    --------          -------      -------  ---------------------  -------------------      -------      -------  ---------------------  -------------------  


------------------------------------------------------------------------------------------------
| Other Path Groups Table
| -----------------------
------------------------------------------------------------------------------------------------

Path Group    From Clock    To Clock          WNS(ns)      TNS(ns)  TNS Failing Endpoints  TNS Total Endpoints      WHS(ns)      THS(ns)  THS Failing Endpoints  THS Total Endpoints  
----------    ----------    --------          -------      -------  ---------------------  -------------------      -------      -------  ---------------------  -------------------  


------------------------------------------------------------------------------------------------
| User Ignored Path Table
| -----------------------
------------------------------------------------------------------------------------------------

Path Group    From Clock    To Clock    
----------    ----------    --------    


------------------------------------------------------------------------------------------------
| Unconstrained Path Table
| ------------------------
------------------------------------------------------------------------------------------------

Path Group    From Clock    To Clock    
----------    ----------    --------    
(none)                                    


------------------------------------------------------------------------------------------------
| Timing Details
| --------------
------------------------------------------------------------------------------------------------


--------------------------------------------------------------------------------------
Path Group:  (none)
From Clock:  
  To Clock:  

Max Delay           407 Endpoints
Min Delay           407 Endpoints
--------------------------------------------------------------------------------------


Max Delay Paths
--------------------------------------------------------------------------------------
Slack:                    inf
  Source:                 AudioInterface_inst/IIS_inst/shiftReg_1/q_reg[23]/C
                            (rising edge-triggered cell FDRE)
  Destination:            DAC_SDATA
                            (output port)
  Path Group:             (none)
  Path Type:              Max at Slow Process Corner
  Data Path Delay:        12.240ns  (logic 4.019ns (32.834%)  route 8.221ns (67.166%))
  Logic Levels:           2  (FDRE=1 OBUF=1)

    Location             Delay type                Incr(ns)  Path(ns)    Netlist Resource(s)
  -------------------------------------------------------------------    -------------------
    SLICE_X11Y140        FDRE                         0.000     0.000 r  AudioInterface_inst/IIS_inst/shiftReg_1/q_reg[23]/C
    SLICE_X11Y140        FDRE (Prop_fdre_C_Q)         0.459     0.459 r  AudioInterface_inst/IIS_inst/shiftReg_1/q_reg[23]/Q
                         net (fo=1, routed)           8.221     8.680    AudioInterface_inst/DAC_SDATA_OBUF
    W6                   OBUF (Prop_obuf_I_O)         3.560    12.240 r  AudioInterface_inst/DAC_SDATA_OBUF_inst/O
                         net (fo=0)                   0.000    12.240    DAC_SDATA
    W6                                                                r  DAC_SDATA (OUT)
  -------------------------------------------------------------------    -------------------

Slack:                    inf
  Source:                 reset
                            (input port)
  Destination:            AudioInterface_inst/I2cInterface_inst/FSM_onehot_state_reg[7]/R
  Path Group:             (none)
  Path Type:              Max at Slow Process Corner
  Data Path Delay:        9.995ns  (logic 1.507ns (15.076%)  route 8.488ns (84.924%))
  Logic Levels:           1  (IBUF=1)

    Location             Delay type                Incr(ns)  Path(ns)    Netlist Resource(s)
  -------------------------------------------------------------------    -------------------
    B22                                               0.000     0.000 r  reset (IN)
                         net (fo=0)                   0.000     0.000    reset
    B22                  IBUF (Prop_ibuf_I_O)         1.507     1.507 r  reset_IBUF_inst/O
                         net (fo=58, routed)          8.488     9.995    AudioInterface_inst/I2cInterface_inst/SR[0]
    SLICE_X162Y116       FDRE                                         r  AudioInterface_inst/I2cInterface_inst/FSM_onehot_state_reg[7]/R
  -------------------------------------------------------------------    -------------------

Slack:                    inf
  Source:                 reset
                            (input port)
  Destination:            AudioInterface_inst/I2cInterface_inst/FSM_onehot_state_reg[8]/R
  Path Group:             (none)
  Path Type:              Max at Slow Process Corner
  Data Path Delay:        9.995ns  (logic 1.507ns (15.076%)  route 8.488ns (84.924%))
  Logic Levels:           1  (IBUF=1)

    Location             Delay type                Incr(ns)  Path(ns)    Netlist Resource(s)
  -------------------------------------------------------------------    -------------------
    B22                                               0.000     0.000 r  reset (IN)
                         net (fo=0)                   0.000     0.000    reset
    B22                  IBUF (Prop_ibuf_I_O)         1.507     1.507 r  reset_IBUF_inst/O
                         net (fo=58, routed)          8.488     9.995    AudioInterface_inst/I2cInterface_inst/SR[0]
    SLICE_X163Y116       FDRE                                         r  AudioInterface_inst/I2cInterface_inst/FSM_onehot_state_reg[8]/R
  -------------------------------------------------------------------    -------------------

Slack:                    inf
  Source:                 reset
                            (input port)
  Destination:            AudioInterface_inst/I2cInterface_inst/FSM_onehot_state_reg[9]/R
  Path Group:             (none)
  Path Type:              Max at Slow Process Corner
  Data Path Delay:        9.995ns  (logic 1.507ns (15.076%)  route 8.488ns (84.924%))
  Logic Levels:           1  (IBUF=1)

    Location             Delay type                Incr(ns)  Path(ns)    Netlist Resource(s)
  -------------------------------------------------------------------    -------------------
    B22                                               0.000     0.000 r  reset (IN)
                         net (fo=0)                   0.000     0.000    reset
    B22                  IBUF (Prop_ibuf_I_O)         1.507     1.507 r  reset_IBUF_inst/O
                         net (fo=58, routed)          8.488     9.995    AudioInterface_inst/I2cInterface_inst/SR[0]
    SLICE_X162Y116       FDRE                                         r  AudioInterface_inst/I2cInterface_inst/FSM_onehot_state_reg[9]/R
  -------------------------------------------------------------------    -------------------

Slack:                    inf
  Source:                 reset
                            (input port)
  Destination:            AudioInterface_inst/I2cInterface_inst/FSM_onehot_state_reg[10]/R
  Path Group:             (none)
  Path Type:              Max at Slow Process Corner
  Data Path Delay:        9.854ns  (logic 1.507ns (15.291%)  route 8.347ns (84.709%))
  Logic Levels:           1  (IBUF=1)

    Location             Delay type                Incr(ns)  Path(ns)    Netlist Resource(s)
  -------------------------------------------------------------------    -------------------
    B22                                               0.000     0.000 r  reset (IN)
                         net (fo=0)                   0.000     0.000    reset
    B22                  IBUF (Prop_ibuf_I_O)         1.507     1.507 r  reset_IBUF_inst/O
                         net (fo=58, routed)          8.347     9.854    AudioInterface_inst/I2cInterface_inst/SR[0]
    SLICE_X162Y118       FDRE                                         r  AudioInterface_inst/I2cInterface_inst/FSM_onehot_state_reg[10]/R
  -------------------------------------------------------------------    -------------------

Slack:                    inf
  Source:                 reset
                            (input port)
  Destination:            AudioInterface_inst/I2cInterface_inst/FSM_onehot_state_reg[3]/R
  Path Group:             (none)
  Path Type:              Max at Slow Process Corner
  Data Path Delay:        9.854ns  (logic 1.507ns (15.291%)  route 8.347ns (84.709%))
  Logic Levels:           1  (IBUF=1)

    Location             Delay type                Incr(ns)  Path(ns)    Netlist Resource(s)
  -------------------------------------------------------------------    -------------------
    B22                                               0.000     0.000 r  reset (IN)
                         net (fo=0)                   0.000     0.000    reset
    B22                  IBUF (Prop_ibuf_I_O)         1.507     1.507 r  reset_IBUF_inst/O
                         net (fo=58, routed)          8.347     9.854    AudioInterface_inst/I2cInterface_inst/SR[0]
    SLICE_X162Y118       FDRE                                         r  AudioInterface_inst/I2cInterface_inst/FSM_onehot_state_reg[3]/R
  -------------------------------------------------------------------    -------------------

Slack:                    inf
  Source:                 reset
                            (input port)
  Destination:            AudioInterface_inst/I2cInterface_inst/FSM_onehot_state_reg[4]/R
  Path Group:             (none)
  Path Type:              Max at Slow Process Corner
  Data Path Delay:        9.854ns  (logic 1.507ns (15.291%)  route 8.347ns (84.709%))
  Logic Levels:           1  (IBUF=1)

    Location             Delay type                Incr(ns)  Path(ns)    Netlist Resource(s)
  -------------------------------------------------------------------    -------------------
    B22                                               0.000     0.000 r  reset (IN)
                         net (fo=0)                   0.000     0.000    reset
    B22                  IBUF (Prop_ibuf_I_O)         1.507     1.507 r  reset_IBUF_inst/O
                         net (fo=58, routed)          8.347     9.854    AudioInterface_inst/I2cInterface_inst/SR[0]
    SLICE_X163Y118       FDRE                                         r  AudioInterface_inst/I2cInterface_inst/FSM_onehot_state_reg[4]/R
  -------------------------------------------------------------------    -------------------

Slack:                    inf
  Source:                 reset
                            (input port)
  Destination:            AudioInterface_inst/I2cInterface_inst/FSM_onehot_state_reg[5]/R
  Path Group:             (none)
  Path Type:              Max at Slow Process Corner
  Data Path Delay:        9.854ns  (logic 1.507ns (15.291%)  route 8.347ns (84.709%))
  Logic Levels:           1  (IBUF=1)

    Location             Delay type                Incr(ns)  Path(ns)    Netlist Resource(s)
  -------------------------------------------------------------------    -------------------
    B22                                               0.000     0.000 r  reset (IN)
                         net (fo=0)                   0.000     0.000    reset
    B22                  IBUF (Prop_ibuf_I_O)         1.507     1.507 r  reset_IBUF_inst/O
                         net (fo=58, routed)          8.347     9.854    AudioInterface_inst/I2cInterface_inst/SR[0]
    SLICE_X163Y118       FDRE                                         r  AudioInterface_inst/I2cInterface_inst/FSM_onehot_state_reg[5]/R
  -------------------------------------------------------------------    -------------------

Slack:                    inf
  Source:                 reset
                            (input port)
  Destination:            AudioInterface_inst/I2cInterface_inst/FSM_onehot_state_reg[6]/R
  Path Group:             (none)
  Path Type:              Max at Slow Process Corner
  Data Path Delay:        9.854ns  (logic 1.507ns (15.291%)  route 8.347ns (84.709%))
  Logic Levels:           1  (IBUF=1)

    Location             Delay type                Incr(ns)  Path(ns)    Netlist Resource(s)
  -------------------------------------------------------------------    -------------------
    B22                                               0.000     0.000 r  reset (IN)
                         net (fo=0)                   0.000     0.000    reset
    B22                  IBUF (Prop_ibuf_I_O)         1.507     1.507 r  reset_IBUF_inst/O
                         net (fo=58, routed)          8.347     9.854    AudioInterface_inst/I2cInterface_inst/SR[0]
    SLICE_X163Y118       FDRE                                         r  AudioInterface_inst/I2cInterface_inst/FSM_onehot_state_reg[6]/R
  -------------------------------------------------------------------    -------------------

Slack:                    inf
  Source:                 reset
                            (input port)
  Destination:            AudioInterface_inst/CodecSetData_inst/FSM_sequential_state_reg[0]/R
  Path Group:             (none)
  Path Type:              Max at Slow Process Corner
  Data Path Delay:        9.837ns  (logic 1.507ns (15.317%)  route 8.331ns (84.683%))
  Logic Levels:           1  (IBUF=1)

    Location             Delay type                Incr(ns)  Path(ns)    Netlist Resource(s)
  -------------------------------------------------------------------    -------------------
    B22                                               0.000     0.000 r  reset (IN)
                         net (fo=0)                   0.000     0.000    reset
    B22                  IBUF (Prop_ibuf_I_O)         1.507     1.507 r  reset_IBUF_inst/O
                         net (fo=58, routed)          8.331     9.837    AudioInterface_inst/CodecSetData_inst/SR[0]
    SLICE_X161Y118       FDRE                                         r  AudioInterface_inst/CodecSetData_inst/FSM_sequential_state_reg[0]/R
  -------------------------------------------------------------------    -------------------





Min Delay Paths
--------------------------------------------------------------------------------------
Slack:                    inf
  Source:                 clk
                            (input port)
  Destination:            DCM_inst/inst/plle2_adv_inst/CLKFBIN
  Path Group:             (none)
  Path Type:              Min at Slow Process Corner
  Data Path Delay:        -2.152ns  (logic -6.697ns (311.229%)  route 4.545ns (-211.229%))
  Logic Levels:           3  (BUFG=1 IBUF=1 PLLE2_ADV=1)

    Location             Delay type                Incr(ns)  Path(ns)    Netlist Resource(s)
  -------------------------------------------------------------------    -------------------
    R4                                                0.000     0.000 r  clk (IN)
                         net (fo=0)                   0.000     0.000    DCM_inst/inst/clk_in1
    R4                   IBUF (Prop_ibuf_I_O)         1.417     1.417 r  DCM_inst/inst/clkin1_ibufg/O
                         net (fo=1, routed)           1.181     2.598    DCM_inst/inst/clk_in1_DCM_audio
    PLLE2_ADV_X1Y2       PLLE2_ADV (Prop_plle2_adv_CLKIN1_CLKFBOUT)
                                                     -8.206    -5.607 r  DCM_inst/inst/plle2_adv_inst/CLKFBOUT
                         net (fo=1, routed)           1.718    -3.889    DCM_inst/inst/clkfbout_DCM_audio
    BUFGCTRL_X0Y4        BUFG (Prop_bufg_I_O)         0.091    -3.798 r  DCM_inst/inst/clkf_buf/O
                         net (fo=1, routed)           1.646    -2.152    DCM_inst/inst/clkfbout_buf_DCM_audio
    PLLE2_ADV_X1Y2       PLLE2_ADV                                    r  DCM_inst/inst/plle2_adv_inst/CLKFBIN
  -------------------------------------------------------------------    -------------------

Slack:                    inf
  Source:                 AudioInterface_inst/IIS_inst/shiftReg_1/q_reg[15]/C
                            (rising edge-triggered cell FDRE)
  Destination:            AudioInterface_inst/IIS_inst/shiftReg_1/q_reg[16]/D
  Path Group:             (none)
  Path Type:              Min at Fast Process Corner
  Data Path Delay:        0.263ns  (logic 0.212ns (80.577%)  route 0.051ns (19.423%))
  Logic Levels:           2  (FDRE=1 LUT3=1)

    Location             Delay type                Incr(ns)  Path(ns)    Netlist Resource(s)
  -------------------------------------------------------------------    -------------------
    SLICE_X10Y139        FDRE                         0.000     0.000 r  AudioInterface_inst/IIS_inst/shiftReg_1/q_reg[15]/C
    SLICE_X10Y139        FDRE (Prop_fdre_C_Q)         0.167     0.167 r  AudioInterface_inst/IIS_inst/shiftReg_1/q_reg[15]/Q
                         net (fo=1, routed)           0.051     0.218    AudioInterface_inst/IIS_inst/shiftReg_1/q[15]
    SLICE_X11Y139        LUT3 (Prop_lut3_I2_O)        0.045     0.263 r  AudioInterface_inst/IIS_inst/shiftReg_1/q[16]_i_1/O
                         net (fo=1, routed)           0.000     0.263    AudioInterface_inst/IIS_inst/shiftReg_1/d1[16]
    SLICE_X11Y139        FDRE                                         r  AudioInterface_inst/IIS_inst/shiftReg_1/q_reg[16]/D
  -------------------------------------------------------------------    -------------------

Slack:                    inf
  Source:                 AudioInterface_inst/IIS_inst/q_reg[6]/C
                            (rising edge-triggered cell FDRE)
  Destination:            music_player_inst/u_syncer/q1_reg/D
  Path Group:             (none)
  Path Type:              Min at Fast Process Corner
  Data Path Delay:        0.270ns  (logic 0.191ns (70.651%)  route 0.079ns (29.349%))
  Logic Levels:           2  (FDRE=1 LUT6=1)

    Location             Delay type                Incr(ns)  Path(ns)    Netlist Resource(s)
  -------------------------------------------------------------------    -------------------
    SLICE_X67Y144        FDRE                         0.000     0.000 r  AudioInterface_inst/IIS_inst/q_reg[6]/C
    SLICE_X67Y144        FDRE (Prop_fdre_C_Q)         0.146     0.146 r  AudioInterface_inst/IIS_inst/q_reg[6]/Q
                         net (fo=4, routed)           0.079     0.225    AudioInterface_inst/IIS_inst/BitCount[4]
    SLICE_X66Y144        LUT6 (Prop_lut6_I2_O)        0.045     0.270 r  AudioInterface_inst/IIS_inst/NewFrame_OBUF_inst_i_1/O
                         net (fo=1, routed)           0.000     0.270    music_player_inst/u_syncer/NewFrame
    SLICE_X66Y144        FDRE                                         r  music_player_inst/u_syncer/q1_reg/D
  -------------------------------------------------------------------    -------------------

Slack:                    inf
  Source:                 AudioInterface_inst/IIS_inst/shiftReg_1/q_reg[17]/C
                            (rising edge-triggered cell FDRE)
  Destination:            AudioInterface_inst/IIS_inst/shiftReg_1/q_reg[18]/D
  Path Group:             (none)
  Path Type:              Min at Fast Process Corner
  Data Path Delay:        0.278ns  (logic 0.191ns (68.679%)  route 0.087ns (31.321%))
  Logic Levels:           2  (FDRE=1 LUT3=1)

    Location             Delay type                Incr(ns)  Path(ns)    Netlist Resource(s)
  -------------------------------------------------------------------    -------------------
    SLICE_X11Y140        FDRE                         0.000     0.000 r  AudioInterface_inst/IIS_inst/shiftReg_1/q_reg[17]/C
    SLICE_X11Y140        FDRE (Prop_fdre_C_Q)         0.146     0.146 r  AudioInterface_inst/IIS_inst/shiftReg_1/q_reg[17]/Q
                         net (fo=1, routed)           0.087     0.233    AudioInterface_inst/IIS_inst/shiftReg_1/q[17]
    SLICE_X10Y140        LUT3 (Prop_lut3_I2_O)        0.045     0.278 r  AudioInterface_inst/IIS_inst/shiftReg_1/q[18]_i_1/O
                         net (fo=1, routed)           0.000     0.278    AudioInterface_inst/IIS_inst/shiftReg_1/d1[18]
    SLICE_X10Y140        FDRE                                         r  AudioInterface_inst/IIS_inst/shiftReg_1/q_reg[18]/D
  -------------------------------------------------------------------    -------------------

Slack:                    inf
  Source:                 music_player_inst/u_note_player/u_DDS/u_DFF_sample/Q_reg[0]/C
                            (rising edge-triggered cell FDRE)
  Destination:            AudioInterface_inst/IIS_inst/shiftReg_1/q_reg[8]/D
  Path Group:             (none)
  Path Type:              Min at Fast Process Corner
  Data Path Delay:        0.297ns  (logic 0.186ns (62.622%)  route 0.111ns (37.378%))
  Logic Levels:           2  (FDRE=1 LUT2=1)

    Location             Delay type                Incr(ns)  Path(ns)    Netlist Resource(s)
  -------------------------------------------------------------------    -------------------
    SLICE_X9Y138         FDRE                         0.000     0.000 r  music_player_inst/u_note_player/u_DDS/u_DFF_sample/Q_reg[0]/C
    SLICE_X9Y138         FDRE (Prop_fdre_C_Q)         0.141     0.141 r  music_player_inst/u_note_player/u_DDS/u_DFF_sample/Q_reg[0]/Q
                         net (fo=1, routed)           0.111     0.252    AudioInterface_inst/IIS_inst/shiftReg_1/RightPlayData_IBUF[8]
    SLICE_X11Y138        LUT2 (Prop_lut2_I0_O)        0.045     0.297 r  AudioInterface_inst/IIS_inst/shiftReg_1/q[8]_i_1/O
                         net (fo=1, routed)           0.000     0.297    AudioInterface_inst/IIS_inst/shiftReg_1/d1[8]
    SLICE_X11Y138        FDRE                                         r  AudioInterface_inst/IIS_inst/shiftReg_1/q_reg[8]/D
  -------------------------------------------------------------------    -------------------

Slack:                    inf
  Source:                 music_player_inst/u_beater/q_reg[8]/C
                            (rising edge-triggered cell FDRE)
  Destination:            music_player_inst/u_beater/q_reg[7]/D
  Path Group:             (none)
  Path Type:              Min at Fast Process Corner
  Data Path Delay:        0.307ns  (logic 0.186ns (60.498%)  route 0.121ns (39.502%))
  Logic Levels:           2  (FDRE=1 LUT6=1)

    Location             Delay type                Incr(ns)  Path(ns)    Netlist Resource(s)
  -------------------------------------------------------------------    -------------------
    SLICE_X3Y137         FDRE                         0.000     0.000 r  music_player_inst/u_beater/q_reg[8]/C
    SLICE_X3Y137         FDRE (Prop_fdre_C_Q)         0.141     0.141 f  music_player_inst/u_beater/q_reg[8]/Q
                         net (fo=4, routed)           0.121     0.262    music_player_inst/u_beater/q_reg_n_0_[8]
    SLICE_X2Y137         LUT6 (Prop_lut6_I0_O)        0.045     0.307 r  music_player_inst/u_beater/q[7]_i_1/O
                         net (fo=1, routed)           0.000     0.307    music_player_inst/u_beater/q[7]
    SLICE_X2Y137         FDRE                                         r  music_player_inst/u_beater/q_reg[7]/D
  -------------------------------------------------------------------    -------------------

Slack:                    inf
  Source:                 music_player_inst/u_song_reader/u_sr_controller/FSM_sequential_state_reg[1]/C
                            (rising edge-triggered cell FDRE)
  Destination:            music_player_inst/u_song_reader/u_sr_controller/FSM_sequential_state_reg[0]/D
  Path Group:             (none)
  Path Type:              Min at Fast Process Corner
  Data Path Delay:        0.310ns  (logic 0.186ns (59.939%)  route 0.124ns (40.061%))
  Logic Levels:           2  (FDRE=1 LUT6=1)

    Location             Delay type                Incr(ns)  Path(ns)    Netlist Resource(s)
  -------------------------------------------------------------------    -------------------
    SLICE_X5Y136         FDRE                         0.000     0.000 r  music_player_inst/u_song_reader/u_sr_controller/FSM_sequential_state_reg[1]/C
    SLICE_X5Y136         FDRE (Prop_fdre_C_Q)         0.141     0.141 r  music_player_inst/u_song_reader/u_sr_controller/FSM_sequential_state_reg[1]/Q
                         net (fo=3, routed)           0.124     0.265    music_player_inst/u_note_player/u_np_controller/FSM_sequential_state_reg[0]_0[1]
    SLICE_X5Y136         LUT6 (Prop_lut6_I4_O)        0.045     0.310 r  music_player_inst/u_note_player/u_np_controller/FSM_sequential_state[0]_i_1__0/O
                         net (fo=1, routed)           0.000     0.310    music_player_inst/u_song_reader/u_sr_controller/D[0]
    SLICE_X5Y136         FDRE                                         r  music_player_inst/u_song_reader/u_sr_controller/FSM_sequential_state_reg[0]/D
  -------------------------------------------------------------------    -------------------

Slack:                    inf
  Source:                 music_player_inst/u_note_player/u_DDS/u_DFF_addr/Q_reg[21]/C
                            (rising edge-triggered cell FDRE)
  Destination:            music_player_inst/u_note_player/u_DDS/u_DFF_area/Q_reg[0]/D
  Path Group:             (none)
  Path Type:              Min at Fast Process Corner
  Data Path Delay:        0.311ns  (logic 0.164ns (52.693%)  route 0.147ns (47.307%))
  Logic Levels:           1  (FDRE=1)

    Location             Delay type                Incr(ns)  Path(ns)    Netlist Resource(s)
  -------------------------------------------------------------------    -------------------
    SLICE_X8Y140         FDRE                         0.000     0.000 r  music_player_inst/u_note_player/u_DDS/u_DFF_addr/Q_reg[21]/C
    SLICE_X8Y140         FDRE (Prop_fdre_C_Q)         0.164     0.164 r  music_player_inst/u_note_player/u_DDS/u_DFF_addr/Q_reg[21]/Q
                         net (fo=2, routed)           0.147     0.311    music_player_inst/u_note_player/u_DDS/u_DFF_area/Q[0]
    SLICE_X9Y140         FDRE                                         r  music_player_inst/u_note_player/u_DDS/u_DFF_area/Q_reg[0]/D
  -------------------------------------------------------------------    -------------------

Slack:                    inf
  Source:                 AudioInterface_inst/I2cInterface_inst/FSM_onehot_state_reg[8]/C
                            (rising edge-triggered cell FDRE)
  Destination:            AudioInterface_inst/I2cInterface_inst/FSM_onehot_state_reg[9]/D
  Path Group:             (none)
  Path Type:              Min at Fast Process Corner
  Data Path Delay:        0.311ns  (logic 0.186ns (59.721%)  route 0.125ns (40.279%))
  Logic Levels:           2  (FDRE=1 LUT4=1)

    Location             Delay type                Incr(ns)  Path(ns)    Netlist Resource(s)
  -------------------------------------------------------------------    -------------------
    SLICE_X163Y116       FDRE                         0.000     0.000 r  AudioInterface_inst/I2cInterface_inst/FSM_onehot_state_reg[8]/C
    SLICE_X163Y116       FDRE (Prop_fdre_C_Q)         0.141     0.141 r  AudioInterface_inst/I2cInterface_inst/FSM_onehot_state_reg[8]/Q
                         net (fo=7, routed)           0.125     0.266    AudioInterface_inst/I2cInterface_inst/FSM_onehot_state_reg_n_0_[8]
    SLICE_X162Y116       LUT4 (Prop_lut4_I0_O)        0.045     0.311 r  AudioInterface_inst/I2cInterface_inst/FSM_onehot_state[9]_i_1/O
                         net (fo=1, routed)           0.000     0.311    AudioInterface_inst/I2cInterface_inst/FSM_onehot_state[9]_i_1_n_0
    SLICE_X162Y116       FDRE                                         r  AudioInterface_inst/I2cInterface_inst/FSM_onehot_state_reg[9]/D
  -------------------------------------------------------------------    -------------------

Slack:                    inf
  Source:                 music_player_inst/u_beater/q_reg[8]/C
                            (rising edge-triggered cell FDRE)
  Destination:            music_player_inst/u_beater/q_reg[9]/D
  Path Group:             (none)
  Path Type:              Min at Fast Process Corner
  Data Path Delay:        0.311ns  (logic 0.186ns (59.721%)  route 0.125ns (40.279%))
  Logic Levels:           2  (FDRE=1 LUT6=1)

    Location             Delay type                Incr(ns)  Path(ns)    Netlist Resource(s)
  -------------------------------------------------------------------    -------------------
    SLICE_X3Y137         FDRE                         0.000     0.000 r  music_player_inst/u_beater/q_reg[8]/C
    SLICE_X3Y137         FDRE (Prop_fdre_C_Q)         0.141     0.141 r  music_player_inst/u_beater/q_reg[8]/Q
                         net (fo=4, routed)           0.125     0.266    music_player_inst/u_beater/q_reg_n_0_[8]
    SLICE_X2Y137         LUT6 (Prop_lut6_I4_O)        0.045     0.311 r  music_player_inst/u_beater/q[9]_i_2/O
                         net (fo=1, routed)           0.000     0.311    music_player_inst/u_beater/q[9]
    SLICE_X2Y137         FDRE                                         r  music_player_inst/u_beater/q_reg[9]/D
  -------------------------------------------------------------------    -------------------





